Build started 22/11/2012 08:33:58.
     1>Project "C:\Users\nfarley88\Dropbox\git\keithley2410-pulse-generator\Kiethley 2410 Controller.vcxproj" on node 2 (build target(s)).
     1>InitializeBuildStatus:
         Creating "Debug\Kiethley 2410 Controller.unsuccessfulbuild" because "AlwaysCreate" was specified.
       ClCompile:
         C:\Program Files (x86)\Microsoft Visual Studio 10.0\VC\bin\CL.exe /c /IC:\gtkmm\include /IC:\gtkmm\include\freetype2 /I"C:\gtkmm\include\glib-2.0" /IC:\gtkmm\include\cairo /I"C:\gtkmm\include\pango-1.0" /I"C:\gtkmm\include\atk-1.0" /I"C:\gtkmm\include\gdk-pixbuf-2.0" /I"C:\gtkmm\include\gtk-2.0" /IC:\gtkmm\include\libxml2 /I"C:\gtkmm\include\libglade-2.0" /I"C:\gtkmm\include\sigc++-2.0" /I"C:\gtkmm\include\glibmm-2.4" /I"C:\gtkmm\include\giomm-2.4" /I"C:\gtkmm\include\cairomm-1.0" /I"C:\gtkmm\include\pangomm-1.4" /I"C:\gtkmm\include\atkmm-1.6" /I"C:\gtkmm\include\gdkmm-2.4" /I"C:\gtkmm\include\gtkmm-2.4" /I"C:\gtkmm\include\libxml++-2.6" /I"C:\gtkmm\include\libglademm-2.4" /I"C:\gtkmm\lib\glib-2.0\include" /I"C:\gtkmm\lib\gtk-2.0\include" /I"C:\gtkmm\lib\sigc++-2.0\include" /I"C:\gtkmm\lib\glibmm-2.4\include" /I"C:\gtkmm\lib\giomm-2.4\include" /I"C:\gtkmm\lib\cairomm-1.0\include" /I"C:\gtkmm\lib\pangomm-1.4\include" /I"C:\gtkmm\lib\atkmm-1.6\include" /I"C:\gtkmm\lib\gdkmm-2.4\include" /I"C:\gtkmm\lib\gtkmm-2.4\include" /I"C:\gtkmm\lib\libxml++-2.6\include" /I"C:\gtkmm\lib\libglademm-2.4\include" /Zi /nologo /W3 /WX- /Od /Oy- /D WIN32 /D _DEBUG /D _CONSOLE /Gm /EHsc /RTC1 /MDd /GS /fp:precise /Zc:wchar_t /Zc:forScope /Fo"Debug\\" /Fd"Debug\vc100.pdb" /Gd /TP /wd4250 /analyze- /errorReport:prompt MyMain.cpp /vd2 
         MyMain.cpp
     1>MyMain.cpp(68): warning C4996: 'ctime': This function or variable may be unsafe. Consider using ctime_s instead. To disable deprecation, use _CRT_SECURE_NO_WARNINGS. See online help for details.
                 C:\Program Files (x86)\Microsoft Visual Studio 10.0\VC\include\time.inl(86) : see declaration of 'ctime'
     1>MyMain.cpp(69): warning C4996: 'localtime': This function or variable may be unsafe. Consider using localtime_s instead. To disable deprecation, use _CRT_SECURE_NO_WARNINGS. See online help for details.
                 C:\Program Files (x86)\Microsoft Visual Studio 10.0\VC\include\time.inl(112) : see declaration of 'localtime'
     1>MyMain.cpp(72): warning C4996: 'sprintf': This function or variable may be unsafe. Consider using sprintf_s instead. To disable deprecation, use _CRT_SECURE_NO_WARNINGS. See online help for details.
                 C:\Program Files (x86)\Microsoft Visual Studio 10.0\VC\include\stdio.h(371) : see declaration of 'sprintf'
     1>MyMain.cpp(95): warning C4996: 'strcpy': This function or variable may be unsafe. Consider using strcpy_s instead. To disable deprecation, use _CRT_SECURE_NO_WARNINGS. See online help for details.
                 C:\Program Files (x86)\Microsoft Visual Studio 10.0\VC\include\string.h(105) : see declaration of 'strcpy'
     1>MyMain.cpp(96): warning C4996: 'strcat': This function or variable may be unsafe. Consider using strcat_s instead. To disable deprecation, use _CRT_SECURE_NO_WARNINGS. See online help for details.
                 C:\Program Files (x86)\Microsoft Visual Studio 10.0\VC\include\string.h(110) : see declaration of 'strcat'
     1>MyMain.cpp(96): warning C4996: 'itoa': The POSIX name for this item is deprecated. Instead, use the ISO C++ conformant name: _itoa. See online help for details.
                 C:\Program Files (x86)\Microsoft Visual Studio 10.0\VC\include\stdlib.h(867) : see declaration of 'itoa'
     1>MyMain.cpp(114): warning C4996: 'strcpy': This function or variable may be unsafe. Consider using strcpy_s instead. To disable deprecation, use _CRT_SECURE_NO_WARNINGS. See online help for details.
                 C:\Program Files (x86)\Microsoft Visual Studio 10.0\VC\include\string.h(105) : see declaration of 'strcpy'
     1>MyMain.cpp(115): warning C4996: 'strcat': This function or variable may be unsafe. Consider using strcat_s instead. To disable deprecation, use _CRT_SECURE_NO_WARNINGS. See online help for details.
                 C:\Program Files (x86)\Microsoft Visual Studio 10.0\VC\include\string.h(110) : see declaration of 'strcat'
     1>MyMain.cpp(126): warning C4101: 'dialog' : unreferenced local variable
     1>MyMain.cpp(150): warning C4996: 'strcpy': This function or variable may be unsafe. Consider using strcpy_s instead. To disable deprecation, use _CRT_SECURE_NO_WARNINGS. See online help for details.
                 C:\Program Files (x86)\Microsoft Visual Studio 10.0\VC\include\string.h(105) : see declaration of 'strcpy'
     1>MyMain.cpp(159): warning C4244: 'initializing' : conversion from 'double' to 'float', possible loss of data
     1>MyMain.cpp(165): warning C4996: 'strcpy': This function or variable may be unsafe. Consider using strcpy_s instead. To disable deprecation, use _CRT_SECURE_NO_WARNINGS. See online help for details.
                 C:\Program Files (x86)\Microsoft Visual Studio 10.0\VC\include\string.h(105) : see declaration of 'strcpy'
     1>MyMain.cpp(174): warning C4996: 'strcpy': This function or variable may be unsafe. Consider using strcpy_s instead. To disable deprecation, use _CRT_SECURE_NO_WARNINGS. See online help for details.
                 C:\Program Files (x86)\Microsoft Visual Studio 10.0\VC\include\string.h(105) : see declaration of 'strcpy'
     1>MyMain.cpp(192): warning C4244: 'argument' : conversion from 'double' to 'int', possible loss of data
     1>MyMain.cpp(195): warning C4996: 'strcpy': This function or variable may be unsafe. Consider using strcpy_s instead. To disable deprecation, use _CRT_SECURE_NO_WARNINGS. See online help for details.
                 C:\Program Files (x86)\Microsoft Visual Studio 10.0\VC\include\string.h(105) : see declaration of 'strcpy'
     1>MyMain.cpp(217): warning C4996: 'strcpy': This function or variable may be unsafe. Consider using strcpy_s instead. To disable deprecation, use _CRT_SECURE_NO_WARNINGS. See online help for details.
                 C:\Program Files (x86)\Microsoft Visual Studio 10.0\VC\include\string.h(105) : see declaration of 'strcpy'
     1>MyMain.cpp(226): warning C4244: 'initializing' : conversion from 'double' to 'float', possible loss of data
     1>MyMain.cpp(234): warning C4244: 'argument' : conversion from 'float' to 'int', possible loss of data
     1>MyMain.cpp(238): warning C4244: 'argument' : conversion from 'float' to 'int', possible loss of data
     1>MyMain.cpp(241): warning C4996: 'strcpy': This function or variable may be unsafe. Consider using strcpy_s instead. To disable deprecation, use _CRT_SECURE_NO_WARNINGS. See online help for details.
                 C:\Program Files (x86)\Microsoft Visual Studio 10.0\VC\include\string.h(105) : see declaration of 'strcpy'
     1>MyMain.cpp(250): warning C4244: 'initializing' : conversion from 'double' to 'float', possible loss of data
     1>MyMain.cpp(252): warning C4996: 'sprintf': This function or variable may be unsafe. Consider using sprintf_s instead. To disable deprecation, use _CRT_SECURE_NO_WARNINGS. See online help for details.
                 C:\Program Files (x86)\Microsoft Visual Studio 10.0\VC\include\stdio.h(371) : see declaration of 'sprintf'
     1>MyMain.cpp(268): warning C4996: 'strcpy': This function or variable may be unsafe. Consider using strcpy_s instead. To disable deprecation, use _CRT_SECURE_NO_WARNINGS. See online help for details.
                 C:\Program Files (x86)\Microsoft Visual Studio 10.0\VC\include\string.h(105) : see declaration of 'strcpy'
     1>MyMain.cpp(281): warning C4996: 'strcpy': This function or variable may be unsafe. Consider using strcpy_s instead. To disable deprecation, use _CRT_SECURE_NO_WARNINGS. See online help for details.
                 C:\Program Files (x86)\Microsoft Visual Studio 10.0\VC\include\string.h(105) : see declaration of 'strcpy'
     1>MyMain.cpp(292): warning C4244: 'initializing' : conversion from 'time_t' to 'int', possible loss of data
       ManifestResourceCompile:
         C:\Program Files (x86)\Microsoft SDKs\Windows\v7.0A\bin\rc.exe /nologo /fo"Debug\Kiethley 2410 Controller.exe.embed.manifest.res" "Debug\Kiethley 2410 Controller_manifest.rc" 
       Link:
         C:\Program Files (x86)\Microsoft Visual Studio 10.0\VC\bin\link.exe /ERRORREPORT:PROMPT /OUT:"C:\Users\nfarley88\Dropbox\git\keithley2410-pulse-generator\Debug\Kiethley 2410 Controller.exe" /INCREMENTAL /NOLOGO "GPIB-32.LIB" "C:\gtkmm\lib\glademm-vc100-d-2_4.lib" "C:\gtkmm\lib\xml++-vc100-d-2_6.lib" "C:\gtkmm\lib\gtkmm-vc100-d-2_4.lib" "C:\gtkmm\lib\gdkmm-vc100-d-2_4.lib" "C:\gtkmm\lib\atkmm-vc100-d-1_6.lib" "C:\gtkmm\lib\pangomm-vc100-d-1_4.lib" "C:\gtkmm\lib\cairomm-vc100-d-1_0.lib" "C:\gtkmm\lib\giomm-vc100-d-2_4.lib" "C:\gtkmm\lib\glibmm-vc100-d-2_4.lib" "C:\gtkmm\lib\sigc-vc100-d-2_0.lib" "C:\gtkmm\lib\glade-2.0.lib" C:\gtkmm\lib\libxml2.lib "C:\gtkmm\lib\gtk-win32-2.0.lib" "C:\gtkmm\lib\gdk-win32-2.0.lib" "C:\gtkmm\lib\gdk_pixbuf-2.0.lib" "C:\gtkmm\lib\atk-1.0.lib" "C:\gtkmm\lib\pangowin32-1.0.lib" "C:\gtkmm\lib\pangocairo-1.0.lib" "C:\gtkmm\lib\pango-1.0.lib" C:\gtkmm\lib\cairo.lib "C:\gtkmm\lib\gio-2.0.lib" "C:\gtkmm\lib\gobject-2.0.lib" "C:\gtkmm\lib\gmodule-2.0.lib" "C:\gtkmm\lib\glib-2.0.lib" C:\gtkmm\lib\intl.lib kernel32.lib user32.lib gdi32.lib winspool.lib comdlg32.lib advapi32.lib shell32.lib ole32.lib oleaut32.lib uuid.lib odbc32.lib odbccp32.lib /MANIFEST /ManifestFile:"Debug\Kiethley 2410 Controller.exe.intermediate.manifest" /MANIFESTUAC:"level='asInvoker' uiAccess='false'" /DEBUG /PDB:"C:\Users\nfarley88\Dropbox\git\keithley2410-pulse-generator\Debug\Kiethley 2410 Controller.pdb" /SUBSYSTEM:CONSOLE /TLBID:1 /DYNAMICBASE /NXCOMPAT /IMPLIB:"C:\Users\nfarley88\Dropbox\git\keithley2410-pulse-generator\Debug\Kiethley 2410 Controller.lib" /MACHINE:X86 "Debug\Kiethley 2410 Controller.exe.embed.manifest.res"
         Debug\MyMain.obj
       Manifest:
         C:\Program Files (x86)\Microsoft SDKs\Windows\v7.0A\bin\mt.exe /nologo /verbose /out:"Debug\Kiethley 2410 Controller.exe.embed.manifest" /manifest "Debug\Kiethley 2410 Controller.exe.intermediate.manifest"
         C:\Program Files (x86)\Microsoft SDKs\Windows\v7.0A\bin\rc.exe /nologo /fo"Debug\Kiethley 2410 Controller.exe.embed.manifest.res" "Debug\Kiethley 2410 Controller_manifest.rc" 
       LinkEmbedManifest:
         C:\Program Files (x86)\Microsoft Visual Studio 10.0\VC\bin\link.exe /ERRORREPORT:PROMPT /OUT:"C:\Users\nfarley88\Dropbox\git\keithley2410-pulse-generator\Debug\Kiethley 2410 Controller.exe" /INCREMENTAL /NOLOGO "GPIB-32.LIB" "C:\gtkmm\lib\glademm-vc100-d-2_4.lib" "C:\gtkmm\lib\xml++-vc100-d-2_6.lib" "C:\gtkmm\lib\gtkmm-vc100-d-2_4.lib" "C:\gtkmm\lib\gdkmm-vc100-d-2_4.lib" "C:\gtkmm\lib\atkmm-vc100-d-1_6.lib" "C:\gtkmm\lib\pangomm-vc100-d-1_4.lib" "C:\gtkmm\lib\cairomm-vc100-d-1_0.lib" "C:\gtkmm\lib\giomm-vc100-d-2_4.lib" "C:\gtkmm\lib\glibmm-vc100-d-2_4.lib" "C:\gtkmm\lib\sigc-vc100-d-2_0.lib" "C:\gtkmm\lib\glade-2.0.lib" C:\gtkmm\lib\libxml2.lib "C:\gtkmm\lib\gtk-win32-2.0.lib" "C:\gtkmm\lib\gdk-win32-2.0.lib" "C:\gtkmm\lib\gdk_pixbuf-2.0.lib" "C:\gtkmm\lib\atk-1.0.lib" "C:\gtkmm\lib\pangowin32-1.0.lib" "C:\gtkmm\lib\pangocairo-1.0.lib" "C:\gtkmm\lib\pango-1.0.lib" C:\gtkmm\lib\cairo.lib "C:\gtkmm\lib\gio-2.0.lib" "C:\gtkmm\lib\gobject-2.0.lib" "C:\gtkmm\lib\gmodule-2.0.lib" "C:\gtkmm\lib\glib-2.0.lib" C:\gtkmm\lib\intl.lib kernel32.lib user32.lib gdi32.lib winspool.lib comdlg32.lib advapi32.lib shell32.lib ole32.lib oleaut32.lib uuid.lib odbc32.lib odbccp32.lib /MANIFEST /ManifestFile:"Debug\Kiethley 2410 Controller.exe.intermediate.manifest" /MANIFESTUAC:"level='asInvoker' uiAccess='false'" /DEBUG /PDB:"C:\Users\nfarley88\Dropbox\git\keithley2410-pulse-generator\Debug\Kiethley 2410 Controller.pdb" /SUBSYSTEM:CONSOLE /TLBID:1 /DYNAMICBASE /NXCOMPAT /IMPLIB:"C:\Users\nfarley88\Dropbox\git\keithley2410-pulse-generator\Debug\Kiethley 2410 Controller.lib" /MACHINE:X86 "Debug\Kiethley 2410 Controller.exe.embed.manifest.res"
         Debug\MyMain.obj
         Kiethley 2410 Controller.vcxproj -> C:\Users\nfarley88\Dropbox\git\keithley2410-pulse-generator\Debug\Kiethley 2410 Controller.exe
       FinalizeBuildStatus:
         Deleting file "Debug\Kiethley 2410 Controller.unsuccessfulbuild".
         Touching "Debug\Kiethley 2410 Controller.lastbuildstate".
     1>Done Building Project "C:\Users\nfarley88\Dropbox\git\keithley2410-pulse-generator\Kiethley 2410 Controller.vcxproj" (build target(s)).

Build succeeded.

Time Elapsed 00:00:04.93
