C:\Users\nfarley88\Dropbox\git\keithley2410-pulse-generator\Debug\cl.command.1.tlog
C:\Users\nfarley88\Dropbox\git\keithley2410-pulse-generator\Debug\CL.read.1.tlog
C:\Users\nfarley88\Dropbox\git\keithley2410-pulse-generator\Debug\CL.write.1.tlog
C:\Users\nfarley88\Dropbox\git\keithley2410-pulse-generator\Debug\Kiethley 2410 Controller.exe
C:\Users\nfarley88\Dropbox\git\keithley2410-pulse-generator\Debug\Kiethley 2410 Controller.exe.embed.manifest
C:\Users\nfarley88\Dropbox\git\keithley2410-pulse-generator\Debug\Kiethley 2410 Controller.exe.embed.manifest.res
C:\Users\nfarley88\Dropbox\git\keithley2410-pulse-generator\Debug\Kiethley 2410 Controller.exe.intermediate.manifest
C:\Users\nfarley88\Dropbox\git\keithley2410-pulse-generator\Debug\Kiethley 2410 Controller.ilk
C:\Users\nfarley88\Dropbox\git\keithley2410-pulse-generator\Debug\Kiethley 2410 Controller.pdb
C:\Users\nfarley88\Dropbox\git\keithley2410-pulse-generator\Debug\Kiethley 2410 Controller_manifest.rc
C:\Users\nfarley88\Dropbox\git\keithley2410-pulse-generator\Debug\link.2732.read.1.tlog
C:\Users\nfarley88\Dropbox\git\keithley2410-pulse-generator\Debug\link.2732.write.1.tlog
C:\Users\nfarley88\Dropbox\git\keithley2410-pulse-generator\Debug\link.2732-cvtres.read.1.tlog
C:\Users\nfarley88\Dropbox\git\keithley2410-pulse-generator\Debug\link.2732-cvtres.write.1.tlog
C:\Users\nfarley88\Dropbox\git\keithley2410-pulse-generator\Debug\link.command.1.tlog
C:\Users\nfarley88\Dropbox\git\keithley2410-pulse-generator\Debug\link.read.1.tlog
C:\Users\nfarley88\Dropbox\git\keithley2410-pulse-generator\Debug\link.write.1.tlog
C:\Users\nfarley88\Dropbox\git\keithley2410-pulse-generator\Debug\link-cvtres.read.1.tlog
C:\Users\nfarley88\Dropbox\git\keithley2410-pulse-generator\Debug\link-cvtres.write.1.tlog
C:\Users\nfarley88\Dropbox\git\keithley2410-pulse-generator\Debug\mt.command.1.tlog
C:\Users\nfarley88\Dropbox\git\keithley2410-pulse-generator\Debug\mt.read.1.tlog
C:\Users\nfarley88\Dropbox\git\keithley2410-pulse-generator\Debug\mt.write.1.tlog
C:\Users\nfarley88\Dropbox\git\keithley2410-pulse-generator\Debug\MyMain.obj
C:\Users\nfarley88\Dropbox\git\keithley2410-pulse-generator\Debug\rc.command.1.tlog
C:\Users\nfarley88\Dropbox\git\keithley2410-pulse-generator\Debug\rc.read.1.tlog
C:\Users\nfarley88\Dropbox\git\keithley2410-pulse-generator\Debug\rc.write.1.tlog
C:\Users\nfarley88\Dropbox\git\keithley2410-pulse-generator\Debug\vc100.idb
C:\Users\nfarley88\Dropbox\git\keithley2410-pulse-generator\Debug\vc100.pdb
C:\USERS\NFARLEY88\DROPBOX\TEST-VS-KEITHLEY\DEBUG\KIETHLEY 2410 CONTROLLER.EXE
C:\USERS\NFARLEY88\DROPBOX\TEST-VS-KEITHLEY\DEBUG\KIETHLEY 2410 CONTROLLER.EXE.EMBED.MANIFEST
C:\USERS\NFARLEY88\DROPBOX\TEST-VS-KEITHLEY\DEBUG\KIETHLEY 2410 CONTROLLER.EXE.EMBED.MANIFEST.RES
C:\USERS\NFARLEY88\DROPBOX\TEST-VS-KEITHLEY\DEBUG\KIETHLEY 2410 CONTROLLER.EXE.INTERMEDIATE.MANIFEST
C:\USERS\NFARLEY88\DROPBOX\TEST-VS-KEITHLEY\DEBUG\KIETHLEY 2410 CONTROLLER.ILK
C:\USERS\NFARLEY88\DROPBOX\TEST-VS-KEITHLEY\DEBUG\KIETHLEY 2410 CONTROLLER.PDB
C:\USERS\NFARLEY88\DROPBOX\TEST-VS-KEITHLEY\DEBUG\MYMAIN.OBJ
C:\USERS\NFARLEY88\DROPBOX\TEST-VS-KEITHLEY\DEBUG\VC100.PDB
