C:\USERS\MANAGER\DESKTOP\KEITHLEYPIN\DEBUG\KEITHLEY.EXE
C:\USERS\MANAGER\DESKTOP\KEITHLEYPIN\DEBUG\KEITHLEY.ILK
C:\USERS\MANAGER\DESKTOP\KEITHLEYPIN\DEBUG\KEITHLEY.PDB
C:\USERS\MANAGER\DESKTOP\KEITHLEYPIN\KEITHLEY\DEBUG\KEITHLEY.EXE.EMBED.MANIFEST
C:\USERS\MANAGER\DESKTOP\KEITHLEYPIN\KEITHLEY\DEBUG\KEITHLEY.EXE.EMBED.MANIFEST.RES
C:\USERS\MANAGER\DESKTOP\KEITHLEYPIN\KEITHLEY\DEBUG\KEITHLEY.EXE.INTERMEDIATE.MANIFEST
C:\USERS\MANAGER\DESKTOP\KEITHLEYPIN\KEITHLEY\DEBUG\MYMAIN.OBJ
C:\USERS\MANAGER\DESKTOP\KEITHLEYPIN\KEITHLEY\DEBUG\VC100.PDB
C:\USERS\MANAGER\DOCUMENTS\GITHUB\KEITHLEY2410-PULSE-GENERATOR\KEITHLEYPIN\DEBUG\KEITHLEY.EXE
C:\USERS\MANAGER\DOCUMENTS\GITHUB\KEITHLEY2410-PULSE-GENERATOR\KEITHLEYPIN\DEBUG\KEITHLEY.ILK
C:\USERS\MANAGER\DOCUMENTS\GITHUB\KEITHLEY2410-PULSE-GENERATOR\KEITHLEYPIN\DEBUG\KEITHLEY.PDB
C:\Users\manager\Documents\GitHub\keithley2410-pulse-generator\KeithleyPIN\Keithley\Debug\cl.command.1.tlog
C:\Users\manager\Documents\GitHub\keithley2410-pulse-generator\KeithleyPIN\Keithley\Debug\CL.read.1.tlog
C:\Users\manager\Documents\GitHub\keithley2410-pulse-generator\KeithleyPIN\Keithley\Debug\CL.write.1.tlog
C:\Users\manager\Documents\GitHub\keithley2410-pulse-generator\KeithleyPIN\Keithley\Debug\Keithley.exe.embed.manifest
C:\USERS\MANAGER\DOCUMENTS\GITHUB\KEITHLEY2410-PULSE-GENERATOR\KEITHLEYPIN\KEITHLEY\DEBUG\KEITHLEY.EXE.EMBED.MANIFEST.RES
C:\USERS\MANAGER\DOCUMENTS\GITHUB\KEITHLEY2410-PULSE-GENERATOR\KEITHLEYPIN\KEITHLEY\DEBUG\KEITHLEY.EXE.INTERMEDIATE.MANIFEST
C:\Users\manager\Documents\GitHub\keithley2410-pulse-generator\KeithleyPIN\Keithley\Debug\Keithley_manifest.rc
C:\Users\manager\Documents\GitHub\keithley2410-pulse-generator\KeithleyPIN\Keithley\Debug\link.6188.read.1.tlog
C:\Users\manager\Documents\GitHub\keithley2410-pulse-generator\KeithleyPIN\Keithley\Debug\link.6188.write.1.tlog
C:\Users\manager\Documents\GitHub\keithley2410-pulse-generator\KeithleyPIN\Keithley\Debug\link.6188-cvtres.read.1.tlog
C:\Users\manager\Documents\GitHub\keithley2410-pulse-generator\KeithleyPIN\Keithley\Debug\link.6188-cvtres.write.1.tlog
C:\Users\manager\Documents\GitHub\keithley2410-pulse-generator\KeithleyPIN\Keithley\Debug\link.command.1.tlog
C:\Users\manager\Documents\GitHub\keithley2410-pulse-generator\KeithleyPIN\Keithley\Debug\link.read.1.tlog
C:\Users\manager\Documents\GitHub\keithley2410-pulse-generator\KeithleyPIN\Keithley\Debug\link.write.1.tlog
C:\Users\manager\Documents\GitHub\keithley2410-pulse-generator\KeithleyPIN\Keithley\Debug\link-cvtres.read.1.tlog
C:\Users\manager\Documents\GitHub\keithley2410-pulse-generator\KeithleyPIN\Keithley\Debug\link-cvtres.write.1.tlog
C:\Users\manager\Documents\GitHub\keithley2410-pulse-generator\KeithleyPIN\Keithley\Debug\mt.command.1.tlog
C:\Users\manager\Documents\GitHub\keithley2410-pulse-generator\KeithleyPIN\Keithley\Debug\mt.read.1.tlog
C:\Users\manager\Documents\GitHub\keithley2410-pulse-generator\KeithleyPIN\Keithley\Debug\mt.write.1.tlog
C:\USERS\MANAGER\DOCUMENTS\GITHUB\KEITHLEY2410-PULSE-GENERATOR\KEITHLEYPIN\KEITHLEY\DEBUG\MYMAIN.OBJ
C:\Users\manager\Documents\GitHub\keithley2410-pulse-generator\KeithleyPIN\Keithley\Debug\rc.command.1.tlog
C:\Users\manager\Documents\GitHub\keithley2410-pulse-generator\KeithleyPIN\Keithley\Debug\rc.read.1.tlog
C:\Users\manager\Documents\GitHub\keithley2410-pulse-generator\KeithleyPIN\Keithley\Debug\rc.write.1.tlog
C:\Users\manager\Documents\GitHub\keithley2410-pulse-generator\KeithleyPIN\Keithley\Debug\vc100.idb
C:\USERS\MANAGER\DOCUMENTS\GITHUB\KEITHLEY2410-PULSE-GENERATOR\KEITHLEYPIN\KEITHLEY\DEBUG\VC100.PDB
