Build started 15/11/2012 11:20:49.
     1>Project "C:\Users\manager\Documents\GitHub\keithley2410-pulse-generator\Keithley\Keithley\Keithley.vcxproj" on node 2 (build target(s)).
     1>InitializeBuildStatus:
         Touching "Debug\Keithley.unsuccessfulbuild".
       ClCompile:
         C:\Program Files (x86)\Microsoft Visual Studio 10.0\VC\bin\CL.exe /c /I"C:\gtkmm\include\libglademm-2.4\\" /I"C:\gtkmm\lib\libglademm-2.4\include" /I"C:\gtkmm\lib\gtkmm-2.4\include" /I"C:\gtkmm\include\gtkmm-2.4" /I"C:\gtkmm\lib\gdkmm-2.4\include" /I"C:\gtkmm\include\gdkmm-2.4" /I"C:\gtkmm\include\pangomm-1.4" /I"C:\gtkmm\include\atkmm-1.6" /I"C:\gtkmm\lib\libxml++-2.6\include" /I"C:\gtkmm\include\libxml++-2.6" /I"C:\gtkmm\lib\giomm-2.4\include" /I"C:\gtkmm\include\giomm-2.4" /I"C:\gtkmm\lib\glibmm-2.4\include" /I"C:\gtkmm\include\glibmm-2.4" /I"C:\gtkmm\include\cairomm-1.0" /I"C:\gtkmm\lib\sigc++-2.0\include" /I"C:\gtkmm\include\sigc++-2.0" /I"C:\gtkmm\include\libglade-2.0" /I"C:\gtkmm\lib\gtk-2.0\include" /I"C:\gtkmm\include\gtk-2.0" /I"C:\gtkmm\include\pango-1.0" /I"C:\gtkmm\include\atk-1.0" /I"C:\gtkmm\lib\glib-2.0\include" /I"C:\gtkmm\include\glib-2.0" /IC:\gtkmm\include\libxml2 /IC:\gtkmm\include\cairo /IC:\gtkmm\include /ZI /nologo /W3 /WX- /Od /Oy- /D WIN32 /D _DEBUG /D _CONSOLE /D _UNICODE /D UNICODE /Gm /EHsc /RTC1 /MDd /GS /fp:precise /Zc:wchar_t /Zc:forScope /Fo"Debug\\" /Fd"Debug\vc100.pdb" /Gd /TP /wd4250 /analyze- /errorReport:prompt MyMain.cpp /vd2 
         MyMain.cpp
     1>c:\users\manager\documents\github\keithley2410-pulse-generator\keithley\keithley\mymain.cpp(45): warning C4996: 'ctime': This function or variable may be unsafe. Consider using ctime_s instead. To disable deprecation, use _CRT_SECURE_NO_WARNINGS. See online help for details.
                 c:\program files (x86)\microsoft visual studio 10.0\vc\include\time.inl(86) : see declaration of 'ctime'
     1>c:\users\manager\documents\github\keithley2410-pulse-generator\keithley\keithley\mymain.cpp(46): warning C4996: 'localtime': This function or variable may be unsafe. Consider using localtime_s instead. To disable deprecation, use _CRT_SECURE_NO_WARNINGS. See online help for details.
                 c:\program files (x86)\microsoft visual studio 10.0\vc\include\time.inl(112) : see declaration of 'localtime'
     1>c:\users\manager\documents\github\keithley2410-pulse-generator\keithley\keithley\mymain.cpp(49): warning C4996: 'sprintf': This function or variable may be unsafe. Consider using sprintf_s instead. To disable deprecation, use _CRT_SECURE_NO_WARNINGS. See online help for details.
                 c:\program files (x86)\microsoft visual studio 10.0\vc\include\stdio.h(371) : see declaration of 'sprintf'
     1>c:\users\manager\documents\github\keithley2410-pulse-generator\keithley\keithley\mymain.cpp(72): warning C4996: 'strcpy': This function or variable may be unsafe. Consider using strcpy_s instead. To disable deprecation, use _CRT_SECURE_NO_WARNINGS. See online help for details.
                 c:\program files (x86)\microsoft visual studio 10.0\vc\include\string.h(105) : see declaration of 'strcpy'
     1>c:\users\manager\documents\github\keithley2410-pulse-generator\keithley\keithley\mymain.cpp(73): warning C4996: 'strcat': This function or variable may be unsafe. Consider using strcat_s instead. To disable deprecation, use _CRT_SECURE_NO_WARNINGS. See online help for details.
                 c:\program files (x86)\microsoft visual studio 10.0\vc\include\string.h(110) : see declaration of 'strcat'
     1>c:\users\manager\documents\github\keithley2410-pulse-generator\keithley\keithley\mymain.cpp(73): warning C4996: 'itoa': The POSIX name for this item is deprecated. Instead, use the ISO C++ conformant name: _itoa. See online help for details.
                 c:\program files (x86)\microsoft visual studio 10.0\vc\include\stdlib.h(867) : see declaration of 'itoa'
     1>c:\users\manager\documents\github\keithley2410-pulse-generator\keithley\keithley\mymain.cpp(91): warning C4996: 'strcpy': This function or variable may be unsafe. Consider using strcpy_s instead. To disable deprecation, use _CRT_SECURE_NO_WARNINGS. See online help for details.
                 c:\program files (x86)\microsoft visual studio 10.0\vc\include\string.h(105) : see declaration of 'strcpy'
     1>c:\users\manager\documents\github\keithley2410-pulse-generator\keithley\keithley\mymain.cpp(92): warning C4996: 'strcat': This function or variable may be unsafe. Consider using strcat_s instead. To disable deprecation, use _CRT_SECURE_NO_WARNINGS. See online help for details.
                 c:\program files (x86)\microsoft visual studio 10.0\vc\include\string.h(110) : see declaration of 'strcat'
     1>c:\users\manager\documents\github\keithley2410-pulse-generator\keithley\keithley\mymain.cpp(103): warning C4101: 'dialog' : unreferenced local variable
     1>c:\users\manager\documents\github\keithley2410-pulse-generator\keithley\keithley\mymain.cpp(127): warning C4996: 'strcpy': This function or variable may be unsafe. Consider using strcpy_s instead. To disable deprecation, use _CRT_SECURE_NO_WARNINGS. See online help for details.
                 c:\program files (x86)\microsoft visual studio 10.0\vc\include\string.h(105) : see declaration of 'strcpy'
     1>c:\users\manager\documents\github\keithley2410-pulse-generator\keithley\keithley\mymain.cpp(136): warning C4244: 'initializing' : conversion from 'double' to 'float', possible loss of data
     1>c:\users\manager\documents\github\keithley2410-pulse-generator\keithley\keithley\mymain.cpp(142): warning C4996: 'strcpy': This function or variable may be unsafe. Consider using strcpy_s instead. To disable deprecation, use _CRT_SECURE_NO_WARNINGS. See online help for details.
                 c:\program files (x86)\microsoft visual studio 10.0\vc\include\string.h(105) : see declaration of 'strcpy'
     1>c:\users\manager\documents\github\keithley2410-pulse-generator\keithley\keithley\mymain.cpp(151): warning C4996: 'strcpy': This function or variable may be unsafe. Consider using strcpy_s instead. To disable deprecation, use _CRT_SECURE_NO_WARNINGS. See online help for details.
                 c:\program files (x86)\microsoft visual studio 10.0\vc\include\string.h(105) : see declaration of 'strcpy'
     1>c:\users\manager\documents\github\keithley2410-pulse-generator\keithley\keithley\mymain.cpp(169): warning C4244: 'argument' : conversion from 'double' to 'int', possible loss of data
     1>c:\users\manager\documents\github\keithley2410-pulse-generator\keithley\keithley\mymain.cpp(172): warning C4996: 'strcpy': This function or variable may be unsafe. Consider using strcpy_s instead. To disable deprecation, use _CRT_SECURE_NO_WARNINGS. See online help for details.
                 c:\program files (x86)\microsoft visual studio 10.0\vc\include\string.h(105) : see declaration of 'strcpy'
     1>c:\users\manager\documents\github\keithley2410-pulse-generator\keithley\keithley\mymain.cpp(194): warning C4996: 'strcpy': This function or variable may be unsafe. Consider using strcpy_s instead. To disable deprecation, use _CRT_SECURE_NO_WARNINGS. See online help for details.
                 c:\program files (x86)\microsoft visual studio 10.0\vc\include\string.h(105) : see declaration of 'strcpy'
     1>c:\users\manager\documents\github\keithley2410-pulse-generator\keithley\keithley\mymain.cpp(203): warning C4244: 'initializing' : conversion from 'double' to 'float', possible loss of data
     1>c:\users\manager\documents\github\keithley2410-pulse-generator\keithley\keithley\mymain.cpp(211): warning C4244: 'argument' : conversion from 'float' to 'int', possible loss of data
     1>c:\users\manager\documents\github\keithley2410-pulse-generator\keithley\keithley\mymain.cpp(215): warning C4244: 'argument' : conversion from 'float' to 'int', possible loss of data
     1>c:\users\manager\documents\github\keithley2410-pulse-generator\keithley\keithley\mymain.cpp(218): warning C4996: 'strcpy': This function or variable may be unsafe. Consider using strcpy_s instead. To disable deprecation, use _CRT_SECURE_NO_WARNINGS. See online help for details.
                 c:\program files (x86)\microsoft visual studio 10.0\vc\include\string.h(105) : see declaration of 'strcpy'
     1>c:\users\manager\documents\github\keithley2410-pulse-generator\keithley\keithley\mymain.cpp(227): warning C4244: 'initializing' : conversion from 'double' to 'float', possible loss of data
     1>c:\users\manager\documents\github\keithley2410-pulse-generator\keithley\keithley\mymain.cpp(229): warning C4996: 'sprintf': This function or variable may be unsafe. Consider using sprintf_s instead. To disable deprecation, use _CRT_SECURE_NO_WARNINGS. See online help for details.
                 c:\program files (x86)\microsoft visual studio 10.0\vc\include\stdio.h(371) : see declaration of 'sprintf'
     1>c:\users\manager\documents\github\keithley2410-pulse-generator\keithley\keithley\mymain.cpp(245): warning C4996: 'strcpy': This function or variable may be unsafe. Consider using strcpy_s instead. To disable deprecation, use _CRT_SECURE_NO_WARNINGS. See online help for details.
                 c:\program files (x86)\microsoft visual studio 10.0\vc\include\string.h(105) : see declaration of 'strcpy'
     1>c:\users\manager\documents\github\keithley2410-pulse-generator\keithley\keithley\mymain.cpp(258): warning C4996: 'strcpy': This function or variable may be unsafe. Consider using strcpy_s instead. To disable deprecation, use _CRT_SECURE_NO_WARNINGS. See online help for details.
                 c:\program files (x86)\microsoft visual studio 10.0\vc\include\string.h(105) : see declaration of 'strcpy'
     1>c:\users\manager\documents\github\keithley2410-pulse-generator\keithley\keithley\mymain.cpp(269): warning C4244: 'initializing' : conversion from 'time_t' to 'int', possible loss of data
       ManifestResourceCompile:
         C:\Program Files (x86)\Microsoft SDKs\Windows\v7.0A\bin\rc.exe /nologo /fo"Debug\Keithley.exe.embed.manifest.res" Debug\Keithley_manifest.rc 
       Link:
         C:\Program Files (x86)\Microsoft Visual Studio 10.0\VC\bin\link.exe /ERRORREPORT:PROMPT /OUT:"C:\Users\manager\Documents\GitHub\keithley2410-pulse-generator\Keithley\Debug\Keithley.exe" /INCREMENTAL /NOLOGO /LIBPATH:C:\gtkmm\lib ni4882.obj "gthread-2.0.lib" "glademm-vc90-d-2_4.lib" "xml++-vc90-d-2_6.lib" "gtkmm-vc90-d-2_4.lib" "glade-2.0.lib" "gdkmm-vc90-d-2_4.lib" "atkmm-vc90-d-1_6.lib" "pangomm-vc90-d-1_4.lib" "giomm-vc90-d-2_4.lib" "glibmm-vc90-d-2_4.lib" "cairomm-vc90-d-1_0.lib" "sigc-vc90-d-2_0.lib" "gtk-win32-2.0.lib" libxml2.lib "gdk-win32-2.0.lib" "atk-1.0.lib" "gdk_pixbuf-2.0.lib" "pangowin32-1.0.lib" "pangocairo-1.0.lib" "pango-1.0.lib" cairo.lib "gio-2.0.lib" "gobject-2.0.lib" "gmodule-2.0.lib" "glib-2.0.lib" intl.lib iconv.lib kernel32.lib user32.lib gdi32.lib winspool.lib comdlg32.lib advapi32.lib shell32.lib ole32.lib oleaut32.lib uuid.lib odbc32.lib odbccp32.lib /MANIFEST /ManifestFile:"Debug\Keithley.exe.intermediate.manifest" /MANIFESTUAC:"level='asInvoker' uiAccess='false'" /DEBUG /PDB:"C:\Users\manager\Documents\GitHub\keithley2410-pulse-generator\Keithley\Debug\Keithley.pdb" /SUBSYSTEM:CONSOLE /TLBID:1 /DYNAMICBASE /NXCOMPAT /IMPLIB:"C:\Users\manager\Documents\GitHub\keithley2410-pulse-generator\Keithley\Debug\Keithley.lib" /MACHINE:X86 Debug\Keithley.exe.embed.manifest.res
         Debug\MyMain.obj
       Manifest:
         C:\Program Files (x86)\Microsoft SDKs\Windows\v7.0A\bin\mt.exe /nologo /verbose /out:"Debug\Keithley.exe.embed.manifest" /manifest Debug\Keithley.exe.intermediate.manifest
         C:\Program Files (x86)\Microsoft SDKs\Windows\v7.0A\bin\rc.exe /nologo /fo"Debug\Keithley.exe.embed.manifest.res" Debug\Keithley_manifest.rc 
       LinkEmbedManifest:
         C:\Program Files (x86)\Microsoft Visual Studio 10.0\VC\bin\link.exe /ERRORREPORT:PROMPT /OUT:"C:\Users\manager\Documents\GitHub\keithley2410-pulse-generator\Keithley\Debug\Keithley.exe" /INCREMENTAL /NOLOGO /LIBPATH:C:\gtkmm\lib ni4882.obj "gthread-2.0.lib" "glademm-vc90-d-2_4.lib" "xml++-vc90-d-2_6.lib" "gtkmm-vc90-d-2_4.lib" "glade-2.0.lib" "gdkmm-vc90-d-2_4.lib" "atkmm-vc90-d-1_6.lib" "pangomm-vc90-d-1_4.lib" "giomm-vc90-d-2_4.lib" "glibmm-vc90-d-2_4.lib" "cairomm-vc90-d-1_0.lib" "sigc-vc90-d-2_0.lib" "gtk-win32-2.0.lib" libxml2.lib "gdk-win32-2.0.lib" "atk-1.0.lib" "gdk_pixbuf-2.0.lib" "pangowin32-1.0.lib" "pangocairo-1.0.lib" "pango-1.0.lib" cairo.lib "gio-2.0.lib" "gobject-2.0.lib" "gmodule-2.0.lib" "glib-2.0.lib" intl.lib iconv.lib kernel32.lib user32.lib gdi32.lib winspool.lib comdlg32.lib advapi32.lib shell32.lib ole32.lib oleaut32.lib uuid.lib odbc32.lib odbccp32.lib /MANIFEST /ManifestFile:"Debug\Keithley.exe.intermediate.manifest" /MANIFESTUAC:"level='asInvoker' uiAccess='false'" /DEBUG /PDB:"C:\Users\manager\Documents\GitHub\keithley2410-pulse-generator\Keithley\Debug\Keithley.pdb" /SUBSYSTEM:CONSOLE /TLBID:1 /DYNAMICBASE /NXCOMPAT /IMPLIB:"C:\Users\manager\Documents\GitHub\keithley2410-pulse-generator\Keithley\Debug\Keithley.lib" /MACHINE:X86 Debug\Keithley.exe.embed.manifest.res
         Debug\MyMain.obj
         Keithley.vcxproj -> C:\Users\manager\Documents\GitHub\keithley2410-pulse-generator\Keithley\Debug\Keithley.exe
       FinalizeBuildStatus:
         Deleting file "Debug\Keithley.unsuccessfulbuild".
         Touching "Debug\Keithley.lastbuildstate".
     1>Done Building Project "C:\Users\manager\Documents\GitHub\keithley2410-pulse-generator\Keithley\Keithley\Keithley.vcxproj" (build target(s)).

Build succeeded.

Time Elapsed 00:00:09.10
