C:\USERS\MANAGER\DESKTOP\KEITHLEY\DEBUG\KEITHLEY.EXE
C:\USERS\MANAGER\DESKTOP\KEITHLEY\DEBUG\KEITHLEY.ILK
C:\USERS\MANAGER\DESKTOP\KEITHLEY\DEBUG\KEITHLEY.PDB
C:\Users\manager\Desktop\Keithley\Keithley\Debug\cl.command.1.tlog
C:\Users\manager\Desktop\Keithley\Keithley\Debug\CL.read.1.tlog
C:\Users\manager\Desktop\Keithley\Keithley\Debug\CL.write.1.tlog
C:\Users\manager\Desktop\Keithley\Keithley\Debug\Keithley.exe.embed.manifest
C:\USERS\MANAGER\DESKTOP\KEITHLEY\KEITHLEY\DEBUG\KEITHLEY.EXE.EMBED.MANIFEST.RES
C:\USERS\MANAGER\DESKTOP\KEITHLEY\KEITHLEY\DEBUG\KEITHLEY.EXE.INTERMEDIATE.MANIFEST
C:\Users\manager\Desktop\Keithley\Keithley\Debug\Keithley_manifest.rc
C:\Users\manager\Desktop\Keithley\Keithley\Debug\link.command.1.tlog
C:\Users\manager\Desktop\Keithley\Keithley\Debug\link.read.1.tlog
C:\Users\manager\Desktop\Keithley\Keithley\Debug\link.write.1.tlog
C:\Users\manager\Desktop\Keithley\Keithley\Debug\link-cvtres.read.1.tlog
C:\Users\manager\Desktop\Keithley\Keithley\Debug\link-cvtres.write.1.tlog
C:\Users\manager\Desktop\Keithley\Keithley\Debug\mt.command.1.tlog
C:\Users\manager\Desktop\Keithley\Keithley\Debug\mt.read.1.tlog
C:\Users\manager\Desktop\Keithley\Keithley\Debug\mt.write.1.tlog
C:\USERS\MANAGER\DESKTOP\KEITHLEY\KEITHLEY\DEBUG\MYMAIN.OBJ
C:\Users\manager\Desktop\Keithley\Keithley\Debug\rc.command.1.tlog
C:\Users\manager\Desktop\Keithley\Keithley\Debug\rc.read.1.tlog
C:\Users\manager\Desktop\Keithley\Keithley\Debug\rc.write.1.tlog
C:\Users\manager\Desktop\Keithley\Keithley\Debug\vc100.idb
C:\USERS\MANAGER\DESKTOP\KEITHLEY\KEITHLEY\DEBUG\VC100.PDB
C:\Users\manager\Desktop\Keithley\Keithley\Debug\vc90.idb
C:\Users\manager\Desktop\Keithley\Keithley\Debug\vc90.pdb
